Sep 07, 2025 1:36:22 PM edu.curtin.app.DirectLoader load
INFO: Adding child: HelloTest.java to directory: test_project
Sep 07, 2025 1:36:22 PM edu.curtin.app.DirectoryNode addChild
INFO: Adding child: HelloTest.java to directory: test_project
Sep 07, 2025 1:36:22 PM edu.curtin.app.DirectLoader load
INFO: Adding child: test2.text.txt to directory: test_project\subdir1
Sep 07, 2025 1:36:22 PM edu.curtin.app.DirectoryNode addChild
INFO: Adding child: test2.text.txt to directory: subdir1
Sep 07, 2025 1:36:22 PM edu.curtin.app.DirectLoader load
INFO: Adding child: subdir1 to directory: test_project
Sep 07, 2025 1:36:22 PM edu.curtin.app.DirectoryNode addChild
INFO: Adding child: subdir1 to directory: test_project
Sep 07, 2025 1:36:22 PM edu.curtin.app.DirectLoader load
INFO: Adding child: subdir2 to directory: test_project
Sep 07, 2025 1:36:22 PM edu.curtin.app.DirectoryNode addChild
INFO: Adding child: subdir2 to directory: test_project
Sep 07, 2025 1:36:22 PM edu.curtin.app.DirectLoader load
INFO: Adding child: test1.text.txt to directory: test_project
Sep 07, 2025 1:36:22 PM edu.curtin.app.DirectoryNode addChild
INFO: Adding child: test1.text.txt to directory: test_project
Sep 07, 2025 1:36:22 PM edu.curtin.app.App main
INFO: Directory tree loaded from: test_project
Sep 07, 2025 1:36:27 PM edu.curtin.app.App main
INFO: Generating report with strategy: CountOutput
Sep 07, 2025 1:36:27 PM edu.curtin.app.output.CountOutput printCount
INFO: Processing node: test_project
Sep 07, 2025 1:36:27 PM edu.curtin.app.output.CountOutput printCount
INFO: Processing node: HelloTest.java
Sep 07, 2025 1:36:27 PM edu.curtin.app.output.CountOutput printCount
INFO: Processing node: subdir1
Sep 07, 2025 1:36:27 PM edu.curtin.app.output.CountOutput printCount
INFO: Processing node: test2.text.txt
Sep 07, 2025 1:36:27 PM edu.curtin.app.output.CountOutput printCount
INFO: Processing node: subdir2
Sep 07, 2025 1:36:27 PM edu.curtin.app.output.CountOutput printCount
INFO: Processing node: test1.text.txt
Sep 07, 2025 1:36:27 PM edu.curtin.app.App main
INFO: Report generation completed
Sep 07, 2025 1:36:38 PM edu.curtin.app.App main
INFO: Application terminated.
